Time resolution is 1 ps
345000 ns : a_in / w_in / sum_in / psum_addr / out =     x /     x /     0 /  0 /     x 
355000 ns : a_in / w_in / sum_in / psum_addr / out =     1 /     1 /     0 /  0 /     1 
365000 ns : a_in / w_in / sum_in / psum_addr / out =     1 /     2 /     0 /  1 /     2 
375000 ns : a_in / w_in / sum_in / psum_addr / out =     1 /     3 /     0 /  2 /     3 
385000 ns : a_in / w_in / sum_in / psum_addr / out =     1 /     4 /     0 /  3 /     4 
395000 ns : a_in / w_in / sum_in / psum_addr / out =     1 /     5 /     0 /  4 /     5 
405000 ns : a_in / w_in / sum_in / psum_addr / out =     1 /     6 /     0 /  5 /     6 
415000 ns : a_in / w_in / sum_in / psum_addr / out =     1 /     7 /     0 /  6 /     7 
425000 ns : a_in / w_in / sum_in / psum_addr / out =     1 /     8 /     0 /  7 /     8 
435000 ns : a_in / w_in / sum_in / psum_addr / out =     1 /     9 /     0 /  8 /     9 
445000 ns : a_in / w_in / sum_in / psum_addr / out =     1 /    10 /     0 /  9 /    10 
455000 ns : a_in / w_in / sum_in / psum_addr / out =     1 /    11 /     0 / 10 /    11 
465000 ns : a_in / w_in / sum_in / psum_addr / out =     1 /    12 /     0 / 11 /    12 
475000 ns : a_in / w_in / sum_in / psum_addr / out =     1 /    13 /     0 / 12 /    13 
485000 ns : a_in / w_in / sum_in / psum_addr / out =     1 /    14 /     0 / 13 /    14 
495000 ns : a_in / w_in / sum_in / psum_addr / out =     1 /    15 /     0 / 14 /    15 
505000 ns : a_in / w_in / sum_in / psum_addr / out =     1 /    16 /     0 / 15 /    16 
515000 ns : a_in / w_in / sum_in / psum_addr / out =     1 /    17 /     1 /  0 /    18 
525000 ns : a_in / w_in / sum_in / psum_addr / out =     1 /    18 /     2 /  1 /    20 
535000 ns : a_in / w_in / sum_in / psum_addr / out =     1 /    19 /     3 /  2 /    22 
545000 ns : a_in / w_in / sum_in / psum_addr / out =     1 /    20 /     4 /  3 /    24 
555000 ns : a_in / w_in / sum_in / psum_addr / out =     1 /    21 /     5 /  4 /    26 
565000 ns : a_in / w_in / sum_in / psum_addr / out =     1 /    22 /     6 /  5 /    28 
575000 ns : a_in / w_in / sum_in / psum_addr / out =     1 /    23 /     7 /  6 /    30 
585000 ns : a_in / w_in / sum_in / psum_addr / out =     1 /    24 /     8 /  7 /    32 
595000 ns : a_in / w_in / sum_in / psum_addr / out =     1 /    25 /     9 /  8 /    34 
605000 ns : a_in / w_in / sum_in / psum_addr / out =     1 /    26 /    10 /  9 /    36 
615000 ns : a_in / w_in / sum_in / psum_addr / out =     1 /    27 /    11 / 10 /    38 
625000 ns : a_in / w_in / sum_in / psum_addr / out =     1 /    28 /    12 / 11 /    40 
635000 ns : a_in / w_in / sum_in / psum_addr / out =     1 /    29 /    13 / 12 /    42 
645000 ns : a_in / w_in / sum_in / psum_addr / out =     1 /    30 /    14 / 13 /    44 
655000 ns : a_in / w_in / sum_in / psum_addr / out =     1 /    31 /    15 / 14 /    46 
665000 ns : a_in / w_in / sum_in / psum_addr / out =     1 /    32 /    16 / 15 /    48 
685000 ns : a_in / w_in / sum_in / psum_addr / out =    20 /     5 /     0 /  0 /   100 
695000 ns : a_in / w_in / sum_in / psum_addr / out =     1 /     1 /     0 /  0 /     1 
705000 ns : a_in / w_in / sum_in / psum_addr / out =     2 /     2 /     0 /  1 /     4 
715000 ns : a_in / w_in / sum_in / psum_addr / out =     3 /     3 /     0 /  2 /     9 
725000 ns : a_in / w_in / sum_in / psum_addr / out =     4 /     4 /     0 /  3 /    16 
735000 ns : a_in / w_in / sum_in / psum_addr / out =     5 /     5 /     0 /  4 /    25 
745000 ns : a_in / w_in / sum_in / psum_addr / out =     6 /     1 /     1 /  0 /     7 
755000 ns : a_in / w_in / sum_in / psum_addr / out =     7 /     2 /     4 /  1 /    18 
765000 ns : a_in / w_in / sum_in / psum_addr / out =     8 /     3 /     9 /  2 /    33 
775000 ns : a_in / w_in / sum_in / psum_addr / out =     9 /     4 /    16 /  3 /    52 
785000 ns : a_in / w_in / sum_in / psum_addr / out =    10 /     5 /    25 /  4 /    75 
795000 ns : a_in / w_in / sum_in / psum_addr / out =    11 /     1 /     7 /  0 /    18 
805000 ns : a_in / w_in / sum_in / psum_addr / out =    12 /     2 /    18 /  1 /    42 
815000 ns : a_in / w_in / sum_in / psum_addr / out =    13 /     3 /    33 /  2 /    72 
825000 ns : a_in / w_in / sum_in / psum_addr / out =    14 /     4 /    52 /  3 /   108 
835000 ns : a_in / w_in / sum_in / psum_addr / out =    15 /     5 /    75 /  4 /   150 
845000 ns : a_in / w_in / sum_in / psum_addr / out =    16 /     1 /    18 /  0 /    34 
855000 ns : a_in / w_in / sum_in / psum_addr / out =    17 /     2 /    42 /  1 /    76 
865000 ns : a_in / w_in / sum_in / psum_addr / out =    18 /     3 /    72 /  2 /   126 
875000 ns : a_in / w_in / sum_in / psum_addr / out =    19 /     4 /   108 /  3 /   184 
885000 ns : a_in / w_in / sum_in / psum_addr / out =    20 /     5 /   150 /  4 /   250 
905000 ns : a_in / w_in / sum_in / psum_addr / out =     8 /     2 /     0 /  0 /    16 
915000 ns : a_in / w_in / sum_in / psum_addr / out =     1 /     2 /     0 /  0 /     2 
925000 ns : a_in / w_in / sum_in / psum_addr / out =     2 /     2 /     0 /  1 /     4 
935000 ns : a_in / w_in / sum_in / psum_addr / out =     3 /     2 /     0 /  2 /     6 
945000 ns : a_in / w_in / sum_in / psum_addr / out =     4 /     2 /     0 /  3 /     8 
955000 ns : a_in / w_in / sum_in / psum_addr / out =     5 /     2 /     2 /  0 /    12 
965000 ns : a_in / w_in / sum_in / psum_addr / out =     6 /     2 /     4 /  1 /    16 
975000 ns : a_in / w_in / sum_in / psum_addr / out =     7 /     2 /     6 /  2 /    20 
985000 ns : a_in / w_in / sum_in / psum_addr / out =     8 /     2 /     8 /  3 /    24 
995000 ns : a_in / w_in / sum_in / psum_addr / out =     1 /     2 /    12 /  0 /    14 
1005000 ns : a_in / w_in / sum_in / psum_addr / out =     2 /     2 /    16 /  1 /    20 
1015000 ns : a_in / w_in / sum_in / psum_addr / out =     3 /     2 /    20 /  2 /    26 
1025000 ns : a_in / w_in / sum_in / psum_addr / out =     4 /     2 /    24 /  3 /    32 
1035000 ns : a_in / w_in / sum_in / psum_addr / out =     5 /     2 /    14 /  0 /    24 
1045000 ns : a_in / w_in / sum_in / psum_addr / out =     6 /     2 /    20 /  1 /    32 
1055000 ns : a_in / w_in / sum_in / psum_addr / out =     7 /     2 /    26 /  2 /    40 
1065000 ns : a_in / w_in / sum_in / psum_addr / out =     8 /     2 /    32 /  3 /    48 
$stop called at time : 1270 ns : File "C:/Users/VLSI/Desktop/Vivado_Code/Accelerator_Templete/Accelerator_Templete.srcs/sim_1/new/PE_new_tb.v" Line 127
